#
# A fatal error has been detected by the Java Runtime Environment:
#
#  SIGSEGV (0xb) at pc=0x0000000109cbdb23, pid=1816, tid=775
#
# JRE version: Java(TM) SE Runtime Environment (8.0_45-b14) (build 1.8.0_45-b14)
# Java VM: Java HotSpot(TM) 64-Bit Server VM (25.45-b02 mixed mode bsd-amd64 compressed oops)
# Problematic frame:
# V  [libjvm.dylib+0x306b23]  jni_GetObjectClass+0x65
#
# Failed to write core dump. Core dumps have been disabled. To enable core dumping, try "ulimit -c unlimited" before starting Java again
#
# If you would like to submit a bug report, please visit:
#   http://bugreport.java.com/bugreport/crash.jsp
#

---------------  T H R E A D  ---------------

Current thread (0x00007fd9002fa800):  JavaThread "AppKit Thread" daemon [_thread_in_vm, id=775, stack(0x00007fff55ac6000,0x00007fff562c6000)]

siginfo: si_signo: 11 (SIGSEGV), si_code: 1 (SEGV_MAPERR), si_addr: 0x0000000000000000

Registers:
RAX=0x000000010a26f494, RBX=0x0000000000000000, RCX=0x000000010a1b1190, RDX=0x0000000000000000
RSP=0x00007fff562c1b60, RBP=0x00007fff562c1bb0, RSI=0x0000000000000000, RDI=0x00007fd9002fa9f8
R8 =0x0000000000000001, R9 =0x00007fd90390ea10, R10=0x00007fffc05d0290, R11=0x00007fd9001178f0
R12=0x00007fd90390ea10, R13=0x00007fd9002fa9f8, R14=0x00007fd9002fa9f8, R15=0x00007fd9002fa800
RIP=0x0000000109cbdb23, EFLAGS=0x0000000000010202, ERR=0x0000000000000004
  TRAPNO=0x000000000000000e

Top of Stack: (sp=0x00007fff562c1b60)
0x00007fff562c1b60:   00007fff562c1ba8 00007fd9002fa800
0x00007fff562c1b70:   0000000000000000 0000000109ccce80
0x00007fff562c1b80:   0000000000000001 00007fd9002fa800
0x00007fff562c1b90:   00007fd9002fa800 0000000000000001
0x00007fff562c1ba0:   0000000000000000 0000086060d7f7b4
0x00007fff562c1bb0:   00007fff562c1bf0 0000000125c75bb3
0x00007fff562c1bc0:   0000000000000500 00007fd9038d8f00
0x00007fff562c1bd0:   00007fd90390ea10 00007fd903945770
0x00007fff562c1be0:   00007fd90390ea10 00007fffa42bb218
0x00007fff562c1bf0:   00007fff562c1c10 0000000125c75c7b
0x00007fff562c1c00:   00007fffbaa10040 00007fd9038d8f00
0x00007fff562c1c10:   00007fff562c1d70 00007fffa3f962bf
0x00007fff562c1c20:   0000000000000000 0000000000000000
0x00007fff562c1c30:   4096800000000000 408cd00000000000
0x00007fff562c1c40:   00007fff562c2340 00007fffc0ab5e60
0x00007fff562c1c50:   422d262f9a53b6a5 0000000000000000
0x00007fff562c1c60:   00007fff562c1e80 0000000000000000
0x00007fff562c1c70:   00007fff00000001 00007fff00000000
0x00007fff562c1c80:   008021013000081e 00000000000000e0
0x00007fff562c1c90:   008021013000081e 00007fffa50d7600
0x00007fff562c1ca0:   0000000000000001 0000000000000000
0x00007fff562c1cb0:   0000000000000000 0000000000000000
0x00007fff562c1cc0:   0000000000000048 00007fd9038d8f00
0x00007fff562c1cd0:   0000000000000000 00007fd9002fa800
0x00007fff562c1ce0:   00007fffa42bb552 0000000000000000
0x00007fff562c1cf0:   422d63c37f00000d 0000000000000011
0x00007fff562c1d00:   0000000000000000 c046800000000000
0x00007fff562c1d10:   4096800000000000 408cd00000000000
0x00007fff562c1d20:   0000000000000000 0000000000000000
0x00007fff562c1d30:   4096800000000000 408cd00000000000
0x00007fff562c1d40:   00007fffa42bb30f 0000000000000000
0x00007fff562c1d50:   fffffffbffffffff 00007fffa42bb218 

Instructions: (pc=0x0000000109cbdb23)
0x0000000109cbdb03:   74 09 48 8d 7d b8 e8 6e 44 19 00 4c 89 f7 48 89
0x0000000109cbdb13:   de 90 0f 1f 40 00 48 8d 05 74 19 5b 00 80 38 00
0x0000000109cbdb23:   48 8b 03 74 15 48 8d 15 f1 e9 50 00 8a 4a 08 8b
0x0000000109cbdb33:   40 08 48 d3 e0 48 03 02 eb 04 48 8b 40 08 48 8b 

Register to memory mapping:

RAX=0x000000010a26f494: UseCompressedClassPointers+0 in /Library/Java/JavaVirtualMachines/jdk1.8.0_45.jdk/Contents/Home/jre/lib/server/libjvm.dylib at 0x00000001099b7000
RBX=0x0000000000000000 is an unknown value
RCX=0x000000010a1b1190: UseMembar+0 in /Library/Java/JavaVirtualMachines/jdk1.8.0_45.jdk/Contents/Home/jre/lib/server/libjvm.dylib at 0x00000001099b7000
RDX=0x0000000000000000 is an unknown value
RSP=0x00007fff562c1b60 is pointing into the stack for thread: 0x00007fd9002fa800
RBP=0x00007fff562c1bb0 is pointing into the stack for thread: 0x00007fd9002fa800
RSI=0x0000000000000000 is an unknown value
RDI=0x00007fd9002fa9f8 is an unknown value
R8 =0x0000000000000001 is an unknown value
R9 =0x00007fd90390ea10 is an unknown value
R10=0x00007fffc05d0290: OBJC_CLASS_$_NSEvent+0 in /System/Library/Frameworks/AppKit.framework/Versions/C/AppKit at 0x00007fffa3656000
R11=0x00007fd9001178f0 is an unknown value
R12=0x00007fd90390ea10 is an unknown value
R13=0x00007fd9002fa9f8 is an unknown value
R14=0x00007fd9002fa9f8 is an unknown value
R15=0x00007fd9002fa800 is a thread


Stack: [0x00007fff55ac6000,0x00007fff562c6000],  sp=0x00007fff562c1b60,  free space=8174k
Native frames: (J=compiled Java code, j=interpreted, Vv=VM code, C=native code)
V  [libjvm.dylib+0x306b23]  jni_GetObjectClass+0x65
C  [liblwjgl.dylib+0xabb3]  -[MacOSXOpenGLView mouseButtonState:::]+0x93
C  [liblwjgl.dylib+0xac7b]  -[MacOSXOpenGLView mouseDown:]+0x6b
C  [AppKit+0x9402bf]  -[NSWindow(NSEventRouting) _handleMouseDownEvent:isDelayedEvent:]+0x18c5
C  [AppKit+0x93cadc]  -[NSWindow(NSEventRouting) _reallySendEvent:isDelayedEvent:]+0x796
C  [AppKit+0x93bf7a]  -[NSWindow(NSEventRouting) sendEvent:]+0x21d
C  [AppKit+0x7c06f1]  -[NSApplication(NSEvent) sendEvent:]+0x479
C  [libosxapp.dylib+0x23ac]  -[NSApplicationAWT sendEvent:]+0x109
C  [AppKit+0x3b7f7]  -[NSApplication run]+0x3ea
C  [libosxapp.dylib+0x223e]  +[NSApplicationAWT runAWTLoopWithApp:]+0x9c
C  [libawt_lwawt.dylib+0x4462b]  -[AWTStarter starter:]+0x389
C  [Foundation+0x7184a]  __NSThreadPerformPerform+0x146
C  [CoreFoundation+0xa73c1]  __CFRUNLOOP_IS_CALLING_OUT_TO_A_SOURCE0_PERFORM_FUNCTION__+0x11
C  [CoreFoundation+0x882cd]  __CFRunLoopDoSources0+0x22d
C  [CoreFoundation+0x877c6]  __CFRunLoopRun+0x3a6
C  [CoreFoundation+0x871c4]  CFRunLoopRunSpecific+0x1a4
C  [java+0x6490]  CreateExecutionEnvironment+0x367
C  [java+0x221c]  JLI_Launch+0x7a0
C  [java+0x84ed]  main+0x65
C  [java+0x1a74]  start+0x34
C  0x0000000000000005


---------------  P R O C E S S  ---------------

Java Threads: ( => current thread )
  0x00007fd9002d4800 JavaThread "AWT-Shutdown" [_thread_blocked, id=25791, stack(0x00007000002a4000,0x00007000003a4000)]
  0x00007fd8fef4e800 JavaThread "DestroyJavaVM" [_thread_blocked, id=7171, stack(0x000070000042d000,0x000070000052d000)]
  0x00007fd8ff9df800 JavaThread "pool-1-thread-4" [_thread_blocked, id=47123, stack(0x0000700001cfe000,0x0000700001dfe000)]
  0x00007fd8ff9df000 JavaThread "pool-1-thread-3" [_thread_blocked, id=81439, stack(0x00007000014e3000,0x00007000015e3000)]
  0x00007fd8ff9bc000 JavaThread "pool-1-thread-2" [_thread_blocked, id=80571, stack(0x000070000135a000,0x000070000145a000)]
  0x00007fd8ffaaf000 JavaThread "pool-1-thread-1" [_thread_blocked, id=81743, stack(0x0000700001257000,0x0000700001357000)]
  0x00007fd9003a5000 JavaThread "jME3 Audio Decoder" daemon [_thread_blocked, id=79915, stack(0x0000700001bfb000,0x0000700001cfb000)]
  0x00007fd8ff8c5000 JavaThread "jME3 Main" [_thread_in_native, id=64071, stack(0x0000700001972000,0x0000700001a72000)]
  0x00007fd8ffa23000 JavaThread "TimerQueue" daemon [_thread_blocked, id=67631, stack(0x0000700001af8000,0x0000700001bf8000)]
  0x00007fd8feb55000 JavaThread "Timer-0" daemon [_thread_blocked, id=62979, stack(0x000070000186f000,0x000070000196f000)]
  0x00007fd8ffc9f800 JavaThread "Java2D Disposer" daemon [_thread_blocked, id=62475, stack(0x000070000176c000,0x000070000186c000)]
  0x00007fd8ff2d5800 JavaThread "Java2D Queue Flusher" daemon [_thread_blocked, id=54791, stack(0x0000700001669000,0x0000700001769000)]
=>0x00007fd9002fa800 JavaThread "AppKit Thread" daemon [_thread_in_vm, id=775, stack(0x00007fff55ac6000,0x00007fff562c6000)]
  0x00007fd8fc803000 JavaThread "Service Thread" daemon [_thread_blocked, id=18691, stack(0x0000700001051000,0x0000700001151000)]
  0x00007fd8fd825800 JavaThread "C1 CompilerThread2" daemon [_thread_blocked, id=18179, stack(0x0000700000f4e000,0x000070000104e000)]
  0x00007fd8fd819800 JavaThread "C2 CompilerThread1" daemon [_thread_blocked, id=17667, stack(0x0000700000e4b000,0x0000700000f4b000)]
  0x00007fd8fe049800 JavaThread "C2 CompilerThread0" daemon [_thread_blocked, id=17155, stack(0x0000700000d48000,0x0000700000e48000)]
  0x00007fd8fe03e000 JavaThread "Signal Dispatcher" daemon [_thread_blocked, id=16643, stack(0x0000700000c45000,0x0000700000d45000)]
  0x00007fd8fd810000 JavaThread "Finalizer" daemon [_thread_blocked, id=12547, stack(0x0000700000b42000,0x0000700000c42000)]
  0x00007fd8fd004800 JavaThread "Reference Handler" daemon [_thread_blocked, id=12035, stack(0x0000700000a3f000,0x0000700000b3f000)]

Other Threads:
  0x00007fd8fe032800 VMThread [stack: 0x000070000093c000,0x0000700000a3c000] [id=11523]
  0x00007fd8fd826000 WatcherThread [stack: 0x0000700001154000,0x0000700001254000] [id=19203]

VM state:not at safepoint (normal execution)

VM Mutex/Monitor currently owned by a thread: None

Heap:
 PSYoungGen      total 309248K, used 83920K [0x00000007aab00000, 0x00000007c0000000, 0x00000007c0000000)
  eden space 281600K, 20% used [0x00000007aab00000,0x00000007ae222b90,0x00000007bbe00000)
  from space 27648K, 99% used [0x00000007bbe00000,0x00000007bd8d17b8,0x00000007bd900000)
  to   space 35328K, 0% used [0x00000007bdd80000,0x00000007bdd80000,0x00000007c0000000)
 ParOldGen       total 289792K, used 252338K [0x0000000780000000, 0x0000000791b00000, 0x00000007aab00000)
  object space 289792K, 87% used [0x0000000780000000,0x000000078f66c860,0x0000000791b00000)
 Metaspace       used 30070K, capacity 30435K, committed 30592K, reserved 1077248K
  class space    used 3258K, capacity 3366K, committed 3456K, reserved 1048576K

Card table byte_map: [0x000000010b5c0000,0x000000010b7c1000] byte_map_base: 0x00000001079c0000

Marking Bits: (ParMarkBitMap*) 0x000000010a2797a0
 Begin Bits: [0x000000010b917000, 0x000000010c917000)
 End Bits:   [0x000000010c917000, 0x000000010d917000)

Polling page: 0x000000010a963000

CodeCache: size=245760Kb used=15885Kb max_used=15910Kb free=229874Kb
 bounds [0x0000000110b98000, 0x0000000111b58000, 0x000000011fb98000]
 total_blobs=5526 nmethods=4555 adapters=883
 compilation: enabled

Compilation events (10 events):
Event: 151.011 Thread 0x00007fd8fd825800 nmethod 5204 0x00000001113e2d10 code [0x00000001113e2e60, 0x00000001113e2fb0]
Event: 151.011 Thread 0x00007fd8fd825800 5208       1       com.jme3.util.NativeObjectManager$NativeObjectRef::access$100 (5 bytes)
Event: 151.011 Thread 0x00007fd8fd825800 nmethod 5208 0x00000001112c4f50 code [0x00000001112c50a0, 0x00000001112c5190]
Event: 151.011 Thread 0x00007fd8fd825800 5209       1       com.jme3.util.NativeObjectManager$NativeObjectRef::access$000 (5 bytes)
Event: 151.011 Thread 0x00007fd8fd825800 nmethod 5209 0x0000000110d1bfd0 code [0x0000000110d1c120, 0x0000000110d1c210]
Event: 151.011 Thread 0x00007fd8fd825800 5210       3       com.jme3.scene.VertexBuffer::resetObject (10 bytes)
Event: 151.012 Thread 0x00007fd8fd825800 nmethod 5210 0x0000000110d1bb90 code [0x0000000110d1bd00, 0x0000000110d1bf30]
Event: 151.012 Thread 0x00007fd8fd825800 5206       3       com.jme3.util.NativeObject::clearUpdateNeeded (6 bytes)
Event: 151.012 Thread 0x00007fd8fd825800 nmethod 5206 0x0000000110d645d0 code [0x0000000110d64720, 0x0000000110d64870]
Event: 151.411 Thread 0x00007fd8fd819800 nmethod 5202 0x0000000111b4a3d0 code [0x0000000111b4a700, 0x0000000111b4e030]

GC Heap History (10 events):
Event: 85.604 GC heap before
{Heap before GC invocations=78 (full 4):
 PSYoungGen      total 308224K, used 21501K [0x00000007aab00000, 0x00000007c0000000, 0x00000007c0000000)
  eden space 286720K, 0% used [0x00000007aab00000,0x00000007aab00000,0x00000007bc300000)
  from space 21504K, 99% used [0x00000007bea00000,0x00000007bfeff520,0x00000007bff00000)
  to   space 31232K, 0% used [0x00000007bc300000,0x00000007bc300000,0x00000007be180000)
 ParOldGen       total 186880K, used 185887K [0x0000000780000000, 0x000000078b680000, 0x00000007aab00000)
  object space 186880K, 99% used [0x0000000780000000,0x000000078b587f30,0x000000078b680000)
 Metaspace       used 15980K, capacity 16144K, committed 16384K, reserved 1062912K
  class space    used 1963K, capacity 2031K, committed 2048K, reserved 1048576K
Event: 87.359 GC heap after
Heap after GC invocations=78 (full 4):
 PSYoungGen      total 308224K, used 0K [0x00000007aab00000, 0x00000007c0000000, 0x00000007c0000000)
  eden space 286720K, 0% used [0x00000007aab00000,0x00000007aab00000,0x00000007bc300000)
  from space 21504K, 0% used [0x00000007bea00000,0x00000007bea00000,0x00000007bff00000)
  to   space 31232K, 0% used [0x00000007bc300000,0x00000007bc300000,0x00000007be180000)
 ParOldGen       total 260608K, used 183281K [0x0000000780000000, 0x000000078fe80000, 0x00000007aab00000)
  object space 260608K, 70% used [0x0000000780000000,0x000000078b2fc4a0,0x000000078fe80000)
 Metaspace       used 15976K, capacity 16138K, committed 16384K, reserved 1062912K
  class space    used 1961K, capacity 2028K, committed 2048K, reserved 1048576K
}
Event: 95.170 GC heap before
{Heap before GC invocations=79 (full 4):
 PSYoungGen      total 308224K, used 75140K [0x00000007aab00000, 0x00000007c0000000, 0x00000007c0000000)
  eden space 286720K, 26% used [0x00000007aab00000,0x00000007af4610e0,0x00000007bc300000)
  from space 21504K, 0% used [0x00000007bea00000,0x00000007bea00000,0x00000007bff00000)
  to   space 31232K, 0% used [0x00000007bc300000,0x00000007bc300000,0x00000007be180000)
 ParOldGen       total 260608K, used 183281K [0x0000000780000000, 0x000000078fe80000, 0x00000007aab00000)
  object space 260608K, 70% used [0x0000000780000000,0x000000078b2fc4a0,0x000000078fe80000)
 Metaspace       used 26830K, capacity 27071K, committed 27264K, reserved 1073152K
  class space    used 3005K, capacity 3092K, committed 3200K, reserved 1048576K
Event: 95.226 GC heap after
Heap after GC invocations=79 (full 4):
 PSYoungGen      total 299008K, used 11784K [0x00000007aab00000, 0x00000007c0000000, 0x00000007c0000000)
  eden space 286720K, 0% used [0x00000007aab00000,0x00000007aab00000,0x00000007bc300000)
  from space 12288K, 95% used [0x00000007bc300000,0x00000007bce823d8,0x00000007bcf00000)
  to   space 31744K, 0% used [0x00000007be100000,0x00000007be100000,0x00000007c0000000)
 ParOldGen       total 260608K, used 183289K [0x0000000780000000, 0x000000078fe80000, 0x00000007aab00000)
  object space 260608K, 70% used [0x0000000780000000,0x000000078b2fe4a0,0x000000078fe80000)
 Metaspace       used 26830K, capacity 27071K, committed 27264K, reserved 1073152K
  class space    used 3005K, capacity 3092K, committed 3200K, reserved 1048576K
}
Event: 95.226 GC heap before
{Heap before GC invocations=80 (full 5):
 PSYoungGen      total 299008K, used 11784K [0x00000007aab00000, 0x00000007c0000000, 0x00000007c0000000)
  eden space 286720K, 0% used [0x00000007aab00000,0x00000007aab00000,0x00000007bc300000)
  from space 12288K, 95% used [0x00000007bc300000,0x00000007bce823d8,0x00000007bcf00000)
  to   space 31744K, 0% used [0x00000007be100000,0x00000007be100000,0x00000007c0000000)
 ParOldGen       total 260608K, used 183289K [0x0000000780000000, 0x000000078fe80000, 0x00000007aab00000)
  object space 260608K, 70% used [0x0000000780000000,0x000000078b2fe4a0,0x000000078fe80000)
 Metaspace       used 26830K, capacity 27071K, committed 27264K, reserved 1073152K
  class space    used 3005K, capacity 3092K, committed 3200K, reserved 1048576K
Event: 95.956 GC heap after
Heap after GC invocations=80 (full 5):
 PSYoungGen      total 299008K, used 0K [0x00000007aab00000, 0x00000007c0000000, 0x00000007c0000000)
  eden space 286720K, 0% used [0x00000007aab00000,0x00000007aab00000,0x00000007bc300000)
  from space 12288K, 0% used [0x00000007bc300000,0x00000007bc300000,0x00000007bcf00000)
  to   space 31744K, 0% used [0x00000007be100000,0x00000007be100000,0x00000007c0000000)
 ParOldGen       total 289792K, used 193728K [0x0000000780000000, 0x0000000791b00000, 0x00000007aab00000)
  object space 289792K, 66% used [0x0000000780000000,0x000000078bd30168,0x0000000791b00000)
 Metaspace       used 26830K, capacity 27071K, committed 27264K, reserved 1073152K
  class space    used 3005K, capacity 3092K, committed 3200K, reserved 1048576K
}
Event: 102.022 GC heap before
{Heap before GC invocations=81 (full 5):
 PSYoungGen      total 299008K, used 237385K [0x00000007aab00000, 0x00000007c0000000, 0x00000007c0000000)
  eden space 286720K, 82% used [0x00000007aab00000,0x00000007b92d2610,0x00000007bc300000)
  from space 12288K, 0% used [0x00000007bc300000,0x00000007bc300000,0x00000007bcf00000)
  to   space 31744K, 0% used [0x00000007be100000,0x00000007be100000,0x00000007c0000000)
 ParOldGen       total 289792K, used 193728K [0x0000000780000000, 0x0000000791b00000, 0x00000007aab00000)
  object space 289792K, 66% used [0x0000000780000000,0x000000078bd30168,0x0000000791b00000)
 Metaspace       used 28423K, capacity 28833K, committed 28928K, reserved 1075200K
  class space    used 3153K, capacity 3290K, committed 3328K, reserved 1048576K
Event: 102.033 GC heap after
Heap after GC invocations=81 (full 5):
 PSYoungGen      total 313344K, used 2393K [0x00000007aab00000, 0x00000007c0000000, 0x00000007c0000000)
  eden space 281600K, 0% used [0x00000007aab00000,0x00000007aab00000,0x00000007bbe00000)
  from space 31744K, 7% used [0x00000007be100000,0x00000007be3567c0,0x00000007c0000000)
  to   space 33792K, 0% used [0x00000007bbe00000,0x00000007bbe00000,0x00000007bdf00000)
 ParOldGen       total 289792K, used 193736K [0x0000000780000000, 0x0000000791b00000, 0x00000007aab00000)
  object space 289792K, 66% used [0x0000000780000000,0x000000078bd32168,0x0000000791b00000)
 Metaspace       used 28423K, capacity 28833K, committed 28928K, reserved 1075200K
  class space    used 3153K, capacity 3290K, committed 3328K, reserved 1048576K
}
Event: 117.419 GC heap before
{Heap before GC invocations=82 (full 5):
 PSYoungGen      total 313344K, used 283993K [0x00000007aab00000, 0x00000007c0000000, 0x00000007c0000000)
  eden space 281600K, 100% used [0x00000007aab00000,0x00000007bbe00000,0x00000007bbe00000)
  from space 31744K, 7% used [0x00000007be100000,0x00000007be3567c0,0x00000007c0000000)
  to   space 33792K, 0% used [0x00000007bbe00000,0x00000007bbe00000,0x00000007bdf00000)
 ParOldGen       total 289792K, used 193736K [0x0000000780000000, 0x0000000791b00000, 0x00000007aab00000)
  object space 289792K, 66% used [0x0000000780000000,0x000000078bd32168,0x0000000791b00000)
 Metaspace       used 29050K, capacity 29489K, committed 29824K, reserved 1075200K
  class space    used 3216K, capacity 3330K, committed 3456K, reserved 1048576K
Event: 117.640 GC heap after
Heap after GC invocations=82 (full 5):
 PSYoungGen      total 309248K, used 27461K [0x00000007aab00000, 0x00000007c0000000, 0x00000007c0000000)
  eden space 281600K, 0% used [0x00000007aab00000,0x00000007aab00000,0x00000007bbe00000)
  from space 27648K, 99% used [0x00000007bbe00000,0x00000007bd8d17b8,0x00000007bd900000)
  to   space 35328K, 0% used [0x00000007bdd80000,0x00000007bdd80000,0x00000007c0000000)
 ParOldGen       total 289792K, used 252338K [0x0000000780000000, 0x0000000791b00000, 0x00000007aab00000)
  object space 289792K, 87% used [0x0000000780000000,0x000000078f66c860,0x0000000791b00000)
 Metaspace       used 29050K, capacity 29489K, committed 29824K, reserved 1075200K
  class space    used 3216K, capacity 3330K, committed 3456K, reserved 1048576K
}

Deoptimization events (10 events):
Event: 132.310 Thread 0x00007fd8ff8c5000 Uncommon trap: reason=unstable_if action=reinterpret pc=0x00000001113bd674 method=com.jme3.renderer.opengl.GLRenderer.renderMeshDefault(Lcom/jme3/scene/Mesh;II[Lcom/jme3/scene/VertexBuffer;)V @ 214
Event: 146.833 Thread 0x00007fd8ff8c5000 Uncommon trap: reason=array_check action=maybe_recompile pc=0x0000000111b2f388 method=com.jme3.util.SortUtil.merge([Ljava/lang/Object;[Ljava/lang/Object;IIILjava/util/Comparator;)V @ 56
Event: 146.833 Thread 0x00007fd8ff8c5000 Uncommon trap: reason=array_check action=maybe_recompile pc=0x0000000111b2f388 method=com.jme3.util.SortUtil.merge([Ljava/lang/Object;[Ljava/lang/Object;IIILjava/util/Comparator;)V @ 56
Event: 146.833 Thread 0x00007fd8ff8c5000 Uncommon trap: reason=array_check action=maybe_recompile pc=0x0000000111b2f388 method=com.jme3.util.SortUtil.merge([Ljava/lang/Object;[Ljava/lang/Object;IIILjava/util/Comparator;)V @ 56
Event: 146.833 Thread 0x00007fd8ff8c5000 Uncommon trap: reason=array_check action=maybe_recompile pc=0x0000000111b2f388 method=com.jme3.util.SortUtil.merge([Ljava/lang/Object;[Ljava/lang/Object;IIILjava/util/Comparator;)V @ 56
Event: 147.752 Thread 0x00007fd8ff8c5000 Uncommon trap: reason=predicate action=maybe_recompile pc=0x0000000111373894 method=com.jme3.util.SortUtil.merge([Ljava/lang/Object;[Ljava/lang/Object;IIILjava/util/Comparator;)V @ 104
Event: 148.902 Thread 0x00007fd8ff8c5000 Uncommon trap: reason=array_check action=maybe_recompile pc=0x00000001116f5e04 method=com.jme3.util.SortUtil.merge([Ljava/lang/Object;[Ljava/lang/Object;IIILjava/util/Comparator;)V @ 116
Event: 148.902 Thread 0x00007fd8ff8c5000 Uncommon trap: reason=array_check action=maybe_recompile pc=0x00000001116f5e04 method=com.jme3.util.SortUtil.merge([Ljava/lang/Object;[Ljava/lang/Object;IIILjava/util/Comparator;)V @ 116
Event: 150.385 Thread 0x00007fd8ff8c5000 Uncommon trap: reason=array_check action=maybe_recompile pc=0x0000000111b38c7c method=com.jme3.util.SortUtil.merge([Ljava/lang/Object;[Ljava/lang/Object;IIILjava/util/Comparator;)V @ 137
Event: 150.385 Thread 0x00007fd8ff8c5000 Uncommon trap: reason=array_check action=maybe_recompile pc=0x0000000111b38c7c method=com.jme3.util.SortUtil.merge([Ljava/lang/Object;[Ljava/lang/Object;IIILjava/util/Comparator;)V @ 137

Internal exceptions (10 events):
Event: 121.505 Thread 0x00007fd8ff8c5000 Exception <a 'java/lang/ClassNotFoundException': com/simsilica/lemur/LabelCustomizer> (0x00000007ac0094e0) thrown at [/Users/java_re/workspace/8-2-build-macosx-x86_64/jdk8u45/3457/hotspot/src/share/vm/classfile/systemDictionary.cpp, line 210]
Event: 121.508 Thread 0x00007fd8ff8c5000 Exception <a 'java/lang/ClassNotFoundException': com/simsilica/lemur/ButtonCustomizer> (0x00000007ac03b5c8) thrown at [/Users/java_re/workspace/8-2-build-macosx-x86_64/jdk8u45/3457/hotspot/src/share/vm/classfile/systemDictionary.cpp, line 210]
Event: 121.689 Thread 0x00007fd8fd800800 Exception <a 'java/lang/ArrayIndexOutOfBoundsException': 15> (0x00000007ac13e7d8) thrown at [/Users/java_re/workspace/8-2-build-macosx-x86_64/jdk8u45/3457/hotspot/src/share/vm/interpreter/interpreterRuntime.cpp, line 366]
Event: 131.616 Thread 0x00007fd8ff8c5000 Implicit null exception at 0x0000000111a93e41 to 0x0000000111a94b6d
Event: 131.619 Thread 0x00007fd8ff8c5000 Implicit null exception at 0x0000000111a9e5b7 to 0x0000000111aa2cf9
Event: 131.752 Thread 0x00007fd8ff8c5000 Implicit null exception at 0x0000000111a11477 to 0x0000000111a11961
Event: 131.755 Thread 0x00007fd8ff8c5000 Implicit null exception at 0x0000000111a5ced1 to 0x0000000111a5d1e9
Event: 131.981 Thread 0x00007fd8ff8c5000 Implicit null exception at 0x00000001119f591d to 0x00000001119f6289
Event: 131.981 Thread 0x00007fd8ff8c5000 Implicit null exception at 0x000000011199fca6 to 0x000000011199fee1
Event: 131.982 Thread 0x00007fd8ff8c5000 Implicit null exception at 0x0000000111a42567 to 0x0000000111a45069

Events (10 events):
Event: 150.385 Thread 0x00007fd8ff8c5000 Uncommon trap: trap_request=0xffffffd6 fr.pc=0x0000000111b38c7c
Event: 150.385 Thread 0x00007fd8ff8c5000 DEOPT PACKING pc=0x0000000111b38c7c sp=0x0000700001a713c0
Event: 150.385 Thread 0x00007fd8ff8c5000 DEOPT UNPACKING pc=0x0000000110b9d229 sp=0x0000700001a71308 mode 2
Event: 150.385 Thread 0x00007fd8ff8c5000 Uncommon trap: trap_request=0xffffffd6 fr.pc=0x0000000111b38c7c
Event: 150.385 Thread 0x00007fd8ff8c5000 DEOPT PACKING pc=0x0000000111b38c7c sp=0x0000700001a713c0
Event: 150.385 Thread 0x00007fd8ff8c5000 DEOPT UNPACKING pc=0x0000000110b9d229 sp=0x0000700001a71308 mode 2
Event: 151.540 Executing VM operation: RevokeBias
Event: 151.540 Executing VM operation: RevokeBias done
Event: 151.540 Thread 0x00007fd8fedb9800 Thread exited: 0x00007fd8fedb9800
Event: 151.813 Thread 0x00007fd9002d4800 Thread added: 0x00007fd9002d4800


Dynamic libraries:
0x00000000307a5000 	/System/Library/Frameworks/Cocoa.framework/Versions/A/Cocoa
0x00000000307a5000 	/System/Library/Frameworks/Security.framework/Versions/A/Security
0x00000000307a5000 	/System/Library/Frameworks/ApplicationServices.framework/Versions/A/ApplicationServices
0x00000000307a5000 	/usr/lib/libz.1.dylib
0x00000000307a5000 	/usr/lib/libSystem.B.dylib
0x00000000307a5000 	/usr/lib/libobjc.A.dylib
0x00000000307a5000 	/System/Library/Frameworks/CoreFoundation.framework/Versions/A/CoreFoundation
0x00000000307a5000 	/System/Library/Frameworks/Foundation.framework/Versions/C/Foundation
0x00000000307a5000 	/System/Library/Frameworks/AppKit.framework/Versions/C/AppKit
0x00000000307a5000 	/System/Library/Frameworks/CoreData.framework/Versions/A/CoreData
0x00000000307a5000 	/System/Library/PrivateFrameworks/RemoteViewServices.framework/Versions/A/RemoteViewServices
0x00000000307a5000 	/System/Library/PrivateFrameworks/UIFoundation.framework/Versions/A/UIFoundation
0x00000000307a5000 	/System/Library/PrivateFrameworks/DFRFoundation.framework/Versions/A/DFRFoundation
0x00000000307a5000 	/usr/lib/libenergytrace.dylib
0x00000000307a5000 	/System/Library/PrivateFrameworks/SkyLight.framework/Versions/A/SkyLight
0x00000000307a5000 	/System/Library/Frameworks/CoreGraphics.framework/Versions/A/CoreGraphics
0x00000000307a5000 	/usr/lib/libScreenReader.dylib
0x00000000307a5000 	/System/Library/Frameworks/Accelerate.framework/Versions/A/Accelerate
0x00000000307a5000 	/System/Library/Frameworks/IOSurface.framework/Versions/A/IOSurface
0x00000000307a5000 	/System/Library/Frameworks/AudioToolbox.framework/Versions/A/AudioToolbox
0x00000000307a5000 	/System/Library/Frameworks/AudioUnit.framework/Versions/A/AudioUnit
0x00000000307a5000 	/System/Library/PrivateFrameworks/DataDetectorsCore.framework/Versions/A/DataDetectorsCore
0x00000000307a5000 	/System/Library/PrivateFrameworks/DesktopServicesPriv.framework/Versions/A/DesktopServicesPriv
0x00000000307a5000 	/System/Library/Frameworks/Carbon.framework/Versions/A/Frameworks/HIToolbox.framework/Versions/A/HIToolbox
0x00000000307a5000 	/usr/lib/libicucore.A.dylib
0x00000000307a5000 	/System/Library/Frameworks/QuartzCore.framework/Versions/A/QuartzCore
0x00000000307a5000 	/System/Library/Frameworks/Carbon.framework/Versions/A/Frameworks/SpeechRecognition.framework/Versions/A/SpeechRecognition
0x00000000307a5000 	/usr/lib/libauto.dylib
0x00000000307a5000 	/usr/lib/libxml2.2.dylib
0x00000000307a5000 	/System/Library/PrivateFrameworks/CoreUI.framework/Versions/A/CoreUI
0x00000000307a5000 	/System/Library/Frameworks/CoreAudio.framework/Versions/A/CoreAudio
0x00000000307a5000 	/System/Library/Frameworks/DiskArbitration.framework/Versions/A/DiskArbitration
0x00000000307a5000 	/usr/lib/liblangid.dylib
0x00000000307a5000 	/System/Library/PrivateFrameworks/MultitouchSupport.framework/Versions/A/MultitouchSupport
0x00000000307a5000 	/System/Library/Frameworks/IOKit.framework/Versions/A/IOKit
0x00000000307a5000 	/usr/lib/libDiagnosticMessagesClient.dylib
0x00000000307a5000 	/System/Library/Frameworks/CoreServices.framework/Versions/A/CoreServices
0x00000000307a5000 	/System/Library/PrivateFrameworks/PerformanceAnalysis.framework/Versions/A/PerformanceAnalysis
0x00000000307a5000 	/System/Library/PrivateFrameworks/GenerationalStorage.framework/Versions/A/GenerationalStorage
0x00000000307a5000 	/System/Library/Frameworks/OpenGL.framework/Versions/A/OpenGL
0x00000000307a5000 	/System/Library/Frameworks/CoreImage.framework/Versions/A/CoreImage
0x00000000307a5000 	/System/Library/Frameworks/CoreText.framework/Versions/A/CoreText
0x00000000307a5000 	/System/Library/Frameworks/ImageIO.framework/Versions/A/ImageIO
0x00000000307a5000 	/System/Library/PrivateFrameworks/Backup.framework/Versions/A/Backup
0x00000000307a5000 	/usr/lib/libarchive.2.dylib
0x00000000307a5000 	/System/Library/Frameworks/CFNetwork.framework/Versions/A/CFNetwork
0x00000000307a5000 	/System/Library/Frameworks/SystemConfiguration.framework/Versions/A/SystemConfiguration
0x00000000307a5000 	/usr/lib/libCRFSuite.dylib
0x00000000307a5000 	/usr/lib/libc++.1.dylib
0x00000000307a5000 	/usr/lib/libc++abi.dylib
0x00000000307a5000 	/usr/lib/system/libcache.dylib
0x00000000307a5000 	/usr/lib/system/libcommonCrypto.dylib
0x00000000307a5000 	/usr/lib/system/libcompiler_rt.dylib
0x00000000307a5000 	/usr/lib/system/libcopyfile.dylib
0x00000000307a5000 	/usr/lib/system/libcorecrypto.dylib
0x00000000307a5000 	/usr/lib/system/libdispatch.dylib
0x00000000307a5000 	/usr/lib/system/libdyld.dylib
0x00000000307a5000 	/usr/lib/system/libkeymgr.dylib
0x00000000307a5000 	/usr/lib/system/liblaunch.dylib
0x00000000307a5000 	/usr/lib/system/libmacho.dylib
0x00000000307a5000 	/usr/lib/system/libquarantine.dylib
0x00000000307a5000 	/usr/lib/system/libremovefile.dylib
0x00000000307a5000 	/usr/lib/system/libsystem_asl.dylib
0x00000000307a5000 	/usr/lib/system/libsystem_blocks.dylib
0x00000000307a5000 	/usr/lib/system/libsystem_c.dylib
0x00000000307a5000 	/usr/lib/system/libsystem_configuration.dylib
0x00000000307a5000 	/usr/lib/system/libsystem_coreservices.dylib
0x00000000307a5000 	/usr/lib/system/libsystem_coretls.dylib
0x00000000307a5000 	/usr/lib/system/libsystem_dnssd.dylib
0x00000000307a5000 	/usr/lib/system/libsystem_info.dylib
0x00000000307a5000 	/usr/lib/system/libsystem_kernel.dylib
0x00000000307a5000 	/usr/lib/system/libsystem_m.dylib
0x00000000307a5000 	/usr/lib/system/libsystem_malloc.dylib
0x00000000307a5000 	/usr/lib/system/libsystem_network.dylib
0x00000000307a5000 	/usr/lib/system/libsystem_networkextension.dylib
0x00000000307a5000 	/usr/lib/system/libsystem_notify.dylib
0x00000000307a5000 	/usr/lib/system/libsystem_platform.dylib
0x00000000307a5000 	/usr/lib/system/libsystem_pthread.dylib
0x00000000307a5000 	/usr/lib/system/libsystem_sandbox.dylib
0x00000000307a5000 	/usr/lib/system/libsystem_secinit.dylib
0x00000000307a5000 	/usr/lib/system/libsystem_symptoms.dylib
0x00000000307a5000 	/usr/lib/system/libsystem_trace.dylib
0x00000000307a5000 	/usr/lib/system/libunwind.dylib
0x00000000307a5000 	/usr/lib/system/libxpc.dylib
0x00000000307a5000 	/usr/lib/libbsm.0.dylib
0x00000000307a5000 	/usr/lib/system/libkxld.dylib
0x00000000307a5000 	/usr/lib/libcoretls.dylib
0x00000000307a5000 	/usr/lib/libcoretls_cfhelpers.dylib
0x00000000307a5000 	/usr/lib/libOpenScriptingUtil.dylib
0x00000000307a5000 	/usr/lib/libpam.2.dylib
0x00000000307a5000 	/usr/lib/libsqlite3.dylib
0x00000000307a5000 	/usr/lib/libxar.1.dylib
0x00000000307a5000 	/usr/lib/libbz2.1.0.dylib
0x00000000307a5000 	/usr/lib/liblzma.5.dylib
0x00000000307a5000 	/usr/lib/libnetwork.dylib
0x00000000307a5000 	/usr/lib/libpcap.A.dylib
0x00000000307a5000 	/System/Library/Frameworks/CoreServices.framework/Versions/A/Frameworks/FSEvents.framework/Versions/A/FSEvents
0x00000000307a5000 	/System/Library/Frameworks/CoreServices.framework/Versions/A/Frameworks/CarbonCore.framework/Versions/A/CarbonCore
0x00000000307a5000 	/System/Library/Frameworks/CoreServices.framework/Versions/A/Frameworks/Metadata.framework/Versions/A/Metadata
0x00000000307a5000 	/System/Library/Frameworks/CoreServices.framework/Versions/A/Frameworks/OSServices.framework/Versions/A/OSServices
0x00000000307a5000 	/System/Library/Frameworks/CoreServices.framework/Versions/A/Frameworks/SearchKit.framework/Versions/A/SearchKit
0x00000000307a5000 	/System/Library/Frameworks/CoreServices.framework/Versions/A/Frameworks/AE.framework/Versions/A/AE
0x00000000307a5000 	/System/Library/Frameworks/CoreServices.framework/Versions/A/Frameworks/LaunchServices.framework/Versions/A/LaunchServices
0x00000000307a5000 	/System/Library/Frameworks/CoreServices.framework/Versions/A/Frameworks/DictionaryServices.framework/Versions/A/DictionaryServices
0x00000000307a5000 	/System/Library/Frameworks/CoreServices.framework/Versions/A/Frameworks/SharedFileList.framework/Versions/A/SharedFileList
0x00000000307a5000 	/System/Library/Frameworks/NetFS.framework/Versions/A/NetFS
0x00000000307a5000 	/System/Library/PrivateFrameworks/NetAuth.framework/Versions/A/NetAuth
0x00000000307a5000 	/System/Library/PrivateFrameworks/login.framework/Versions/A/Frameworks/loginsupport.framework/Versions/A/loginsupport
0x00000000307a5000 	/System/Library/PrivateFrameworks/TCC.framework/Versions/A/TCC
0x00000000307a5000 	/usr/lib/libmecabra.dylib
0x00000000307a5000 	/System/Library/Frameworks/ApplicationServices.framework/Versions/A/Frameworks/ATS.framework/Versions/A/ATS
0x00000000307a5000 	/System/Library/Frameworks/ApplicationServices.framework/Versions/A/Frameworks/ColorSync.framework/Versions/A/ColorSync
0x00000000307a5000 	/System/Library/Frameworks/ApplicationServices.framework/Versions/A/Frameworks/HIServices.framework/Versions/A/HIServices
0x00000000307a5000 	/System/Library/Frameworks/ApplicationServices.framework/Versions/A/Frameworks/LangAnalysis.framework/Versions/A/LangAnalysis
0x00000000307a5000 	/System/Library/Frameworks/ApplicationServices.framework/Versions/A/Frameworks/PrintCore.framework/Versions/A/PrintCore
0x00000000307a5000 	/System/Library/Frameworks/ApplicationServices.framework/Versions/A/Frameworks/QD.framework/Versions/A/QD
0x00000000307a5000 	/System/Library/Frameworks/ApplicationServices.framework/Versions/A/Frameworks/SpeechSynthesis.framework/Versions/A/SpeechSynthesis
0x00000000307a5000 	/System/Library/Frameworks/Accelerate.framework/Versions/A/Frameworks/vImage.framework/Versions/A/vImage
0x00000000307a5000 	/System/Library/Frameworks/Accelerate.framework/Versions/A/Frameworks/vecLib.framework/Versions/A/vecLib
0x00000000307a5000 	/System/Library/Frameworks/Accelerate.framework/Versions/A/Frameworks/vecLib.framework/Versions/A/libvDSP.dylib
0x00000000307a5000 	/System/Library/Frameworks/Accelerate.framework/Versions/A/Frameworks/vecLib.framework/Versions/A/libBNNS.dylib
0x00000000307a5000 	/System/Library/Frameworks/Accelerate.framework/Versions/A/Frameworks/vecLib.framework/Versions/A/libQuadrature.dylib
0x00000000307a5000 	/System/Library/Frameworks/Accelerate.framework/Versions/A/Frameworks/vecLib.framework/Versions/A/libvMisc.dylib
0x00000000307a5000 	/System/Library/Frameworks/Accelerate.framework/Versions/A/Frameworks/vecLib.framework/Versions/A/libLAPACK.dylib
0x00000000307a5000 	/System/Library/Frameworks/Accelerate.framework/Versions/A/Frameworks/vecLib.framework/Versions/A/libBLAS.dylib
0x00000000307a5000 	/System/Library/Frameworks/Accelerate.framework/Versions/A/Frameworks/vecLib.framework/Versions/A/libLinearAlgebra.dylib
0x00000000307a5000 	/System/Library/Frameworks/Accelerate.framework/Versions/A/Frameworks/vecLib.framework/Versions/A/libSparseBLAS.dylib
0x00000000307a5000 	/System/Library/Frameworks/ApplicationServices.framework/Versions/A/Frameworks/ATS.framework/Versions/A/Resources/libFontParser.dylib
0x00000000307a5000 	/System/Library/Frameworks/ApplicationServices.framework/Versions/A/Frameworks/ATS.framework/Versions/A/Resources/libFontRegistry.dylib
0x00000000307a5000 	/System/Library/Frameworks/ImageIO.framework/Versions/A/Resources/libJPEG.dylib
0x00000000307a5000 	/System/Library/Frameworks/ImageIO.framework/Versions/A/Resources/libTIFF.dylib
0x00000000307a5000 	/System/Library/Frameworks/ImageIO.framework/Versions/A/Resources/libPng.dylib
0x00000000307a5000 	/System/Library/Frameworks/ImageIO.framework/Versions/A/Resources/libGIF.dylib
0x00000000307a5000 	/System/Library/Frameworks/ImageIO.framework/Versions/A/Resources/libJP2.dylib
0x00000000307a5000 	/System/Library/Frameworks/ImageIO.framework/Versions/A/Resources/libRadiance.dylib
0x00000000307a5000 	/usr/lib/libcompression.dylib
0x00000000307a5000 	/System/Library/PrivateFrameworks/AppleJPEG.framework/Versions/A/AppleJPEG
0x00000000307a5000 	/usr/lib/libcups.2.dylib
0x00000000307a5000 	/System/Library/Frameworks/Kerberos.framework/Versions/A/Kerberos
0x00000000307a5000 	/System/Library/Frameworks/GSS.framework/Versions/A/GSS
0x00000000307a5000 	/usr/lib/libresolv.9.dylib
0x00000000307a5000 	/usr/lib/libiconv.2.dylib
0x00000000307a5000 	/System/Library/PrivateFrameworks/Heimdal.framework/Versions/A/Heimdal
0x00000000307a5000 	/usr/lib/libheimdal-asn1.dylib
0x00000000307a5000 	/System/Library/Frameworks/OpenDirectory.framework/Versions/A/OpenDirectory
0x00000000307a5000 	/System/Library/PrivateFrameworks/CommonAuth.framework/Versions/A/CommonAuth
0x00000000307a5000 	/System/Library/Frameworks/OpenDirectory.framework/Versions/A/Frameworks/CFOpenDirectory.framework/Versions/A/CFOpenDirectory
0x00000000307a5000 	/System/Library/Frameworks/SecurityFoundation.framework/Versions/A/SecurityFoundation
0x00000000307a5000 	/System/Library/PrivateFrameworks/LanguageModeling.framework/Versions/A/LanguageModeling
0x00000000307a5000 	/usr/lib/libmarisa.dylib
0x00000000307a5000 	/usr/lib/libChineseTokenizer.dylib
0x00000000307a5000 	/usr/lib/libcmph.dylib
0x00000000307a5000 	/System/Library/PrivateFrameworks/CoreEmoji.framework/Versions/A/CoreEmoji
0x00000000307a5000 	/System/Library/Frameworks/ServiceManagement.framework/Versions/A/ServiceManagement
0x00000000307a5000 	/usr/lib/libxslt.1.dylib
0x00000000307a5000 	/System/Library/Frameworks/Carbon.framework/Versions/A/Frameworks/Ink.framework/Versions/A/Ink
0x00000000307a5000 	/System/Library/PrivateFrameworks/TextureIO.framework/Versions/A/TextureIO
0x00000000307a5000 	/System/Library/Frameworks/Metal.framework/Versions/A/Metal
0x00000000307a5000 	/usr/lib/libate.dylib
0x00000000307a5000 	/System/Library/PrivateFrameworks/GPUCompiler.framework/libmetal_timestamp.dylib
0x00000000307a5000 	/System/Library/Frameworks/OpenGL.framework/Versions/A/Libraries/libCoreFSCache.dylib
0x00000000307a5000 	/System/Library/PrivateFrameworks/IOAccelerator.framework/Versions/A/IOAccelerator
0x00000000307a5000 	/System/Library/Frameworks/CoreVideo.framework/Versions/A/CoreVideo
0x00000000307a5000 	/usr/lib/libFosl_dynamic.dylib
0x00000000307a5000 	/System/Library/PrivateFrameworks/MetalPerformanceShaders.framework/Versions/A/MetalPerformanceShaders
0x00000000307a5000 	/System/Library/PrivateFrameworks/FaceCore.framework/Versions/A/FaceCore
0x00000000307a5000 	/System/Library/Frameworks/OpenCL.framework/Versions/A/OpenCL
0x00000000307a5000 	/System/Library/Frameworks/OpenGL.framework/Versions/A/Libraries/libGLU.dylib
0x00000000307a5000 	/System/Library/Frameworks/OpenGL.framework/Versions/A/Libraries/libGFXShared.dylib
0x00000000307a5000 	/System/Library/Frameworks/OpenGL.framework/Versions/A/Libraries/libGL.dylib
0x00000000307a5000 	/System/Library/Frameworks/OpenGL.framework/Versions/A/Libraries/libGLImage.dylib
0x00000000307a5000 	/System/Library/Frameworks/OpenGL.framework/Versions/A/Libraries/libCVMSPluginSupport.dylib
0x00000000307a5000 	/System/Library/Frameworks/OpenGL.framework/Versions/A/Libraries/libCoreVMClient.dylib
0x00000000307a5000 	/System/Library/PrivateFrameworks/CrashReporterSupport.framework/Versions/A/CrashReporterSupport
0x00000000307a5000 	/System/Library/PrivateFrameworks/Sharing.framework/Versions/A/Sharing
0x00000000307a5000 	/System/Library/PrivateFrameworks/IconServices.framework/Versions/A/IconServices
0x00000000307a5000 	/System/Library/PrivateFrameworks/ProtocolBuffer.framework/Versions/A/ProtocolBuffer
0x00000000307a5000 	/System/Library/PrivateFrameworks/Apple80211.framework/Versions/A/Apple80211
0x00000000307a5000 	/System/Library/Frameworks/CoreWLAN.framework/Versions/A/CoreWLAN
0x00000000307a5000 	/System/Library/PrivateFrameworks/CoreUtils.framework/Versions/A/CoreUtils
0x00000000307a5000 	/System/Library/Frameworks/IOBluetooth.framework/Versions/A/IOBluetooth
0x00000000307a5000 	/System/Library/PrivateFrameworks/CoreWiFi.framework/Versions/A/CoreWiFi
0x00000000307a5000 	/System/Library/Frameworks/CoreBluetooth.framework/Versions/A/CoreBluetooth
0x00000000307a5000 	/System/Library/Frameworks/CoreDisplay.framework/Versions/A/CoreDisplay
0x00000000307a5000 	/System/Library/PrivateFrameworks/IOPresentment.framework/Versions/A/IOPresentment
0x00000000307a5000 	/System/Library/PrivateFrameworks/DSExternalDisplay.framework/Versions/A/DSExternalDisplay
0x00000000307a5000 	/System/Library/PrivateFrameworks/DebugSymbols.framework/Versions/A/DebugSymbols
0x00000000307a5000 	/System/Library/PrivateFrameworks/CoreSymbolication.framework/Versions/A/CoreSymbolication
0x00000000307a5000 	/System/Library/PrivateFrameworks/Symbolication.framework/Versions/A/Symbolication
0x00000000307a5000 	/System/Library/PrivateFrameworks/AppleFSCompression.framework/Versions/A/AppleFSCompression
0x00000000307a5000 	/System/Library/PrivateFrameworks/SpeechRecognitionCore.framework/Versions/A/SpeechRecognitionCore
0x00000000307a5000 	/System/Library/PrivateFrameworks/ChunkingLibrary.framework/Versions/A/ChunkingLibrary
0x00000001099b7000 	/Library/Java/JavaVirtualMachines/jdk1.8.0_45.jdk/Contents/Home/jre/lib/server/libjvm.dylib
0x00000000307a5000 	/usr/lib/libstdc++.6.dylib
0x000000010a920000 	/Library/Java/JavaVirtualMachines/jdk1.8.0_45.jdk/Contents/Home/jre/lib/libverify.dylib
0x000000010a92e000 	/Library/Java/JavaVirtualMachines/jdk1.8.0_45.jdk/Contents/Home/jre/lib/libjava.dylib
0x000000010a96d000 	/Library/Java/JavaVirtualMachines/jdk1.8.0_45.jdk/Contents/Home/jre/lib/libzip.dylib
0x000000010f57d000 	/System/Library/Frameworks/JavaVM.framework/Frameworks/JavaRuntimeSupport.framework/JavaRuntimeSupport
0x000000010f597000 	/System/Library/Frameworks/JavaVM.framework/Versions/A/Frameworks/JavaNativeFoundation.framework/Versions/A/JavaNativeFoundation
0x000000010a9f3000 	/System/Library/Frameworks/JavaVM.framework/Versions/A/JavaVM
0x00000000307a5000 	/System/Library/Frameworks/Carbon.framework/Versions/A/Carbon
0x000000010f5ac000 	/System/Library/PrivateFrameworks/JavaLaunching.framework/Versions/A/JavaLaunching
0x00000000307a5000 	/System/Library/Frameworks/Carbon.framework/Versions/A/Frameworks/CommonPanels.framework/Versions/A/CommonPanels
0x00000000307a5000 	/System/Library/Frameworks/Carbon.framework/Versions/A/Frameworks/Help.framework/Versions/A/Help
0x00000000307a5000 	/System/Library/Frameworks/Carbon.framework/Versions/A/Frameworks/ImageCapture.framework/Versions/A/ImageCapture
0x00000000307a5000 	/System/Library/Frameworks/Carbon.framework/Versions/A/Frameworks/OpenScripting.framework/Versions/A/OpenScripting
0x00000000307a5000 	/System/Library/Frameworks/Carbon.framework/Versions/A/Frameworks/Print.framework/Versions/A/Print
0x00000000307a5000 	/System/Library/Frameworks/Carbon.framework/Versions/A/Frameworks/SecurityHI.framework/Versions/A/SecurityHI
0x000000010f7d3000 	/Library/Java/JavaVirtualMachines/jdk1.8.0_45.jdk/Contents/Home/jre/lib/libnio.dylib
0x000000010f7e3000 	/Library/Java/JavaVirtualMachines/jdk1.8.0_45.jdk/Contents/Home/jre/lib/./libnet.dylib
0x000000010fa62000 	/Library/Java/JavaVirtualMachines/jdk1.8.0_45.jdk/Contents/Home/jre/lib/libawt.dylib
0x000000010fb0a000 	/Library/Java/JavaVirtualMachines/jdk1.8.0_45.jdk/Contents/Home/jre/lib/./libmlib_image.dylib
0x000000010feab000 	/Library/Java/JavaVirtualMachines/jdk1.8.0_45.jdk/Contents/Home/jre/lib/libawt_lwawt.dylib
0x000000010f88a000 	/Library/Java/JavaVirtualMachines/jdk1.8.0_45.jdk/Contents/Home/jre/lib/./libosxapp.dylib
0x00000000307a5000 	/System/Library/Frameworks/ExceptionHandling.framework/Versions/A/ExceptionHandling
0x00000000307a5000 	/System/Library/PrivateFrameworks/CoreServicesInternal.framework/Versions/A/CoreServicesInternal
0x00000000307a5000 	/System/Library/CoreServices/RawCamera.bundle/Contents/MacOS/RawCamera
0x00000000307a5000 	/System/Library/Frameworks/Accelerate.framework/Versions/A/Frameworks/vImage.framework/Versions/A/Libraries/libCGInterfaces.dylib
0x00000000307a5000 	/System/Library/Frameworks/ApplicationServices.framework/Versions/A/Frameworks/ATS.framework/Versions/A/Resources/libTrueTypeScaler.dylib
0x0000000122700000 	/System/Library/Frameworks/OpenGL.framework/Resources/GLEngine.bundle/GLEngine
0x00000000307a5000 	/System/Library/Frameworks/OpenGL.framework/Versions/A/Libraries/libGLProgrammability.dylib
0x00000001229c0000 	/System/Library/Extensions/AppleIntelHD5000GraphicsGLDriver.bundle/Contents/MacOS/AppleIntelHD5000GraphicsGLDriver
0x00000000307a5000 	/System/Library/PrivateFrameworks/GPUSupport.framework/Versions/A/Libraries/libGPUSupportMercury.dylib
0x00000001100df000 	/System/Library/Frameworks/OpenGL.framework/Resources//GLRendererFloat.bundle/GLRendererFloat
0x00000000307a5000 	/System/Library/Frameworks/OpenCL.framework/Versions/A/Libraries/libcldcpuengine.dylib
0x00000000307a5000 	/usr/lib/libcrypto.0.9.8.dylib
0x00000000307a5000 	/System/Library/PrivateFrameworks/TrustEvaluationAgent.framework/Versions/A/TrustEvaluationAgent
0x000000012312e000 	/System/Library/Extensions/AppleIntelHD5000GraphicsMTLDriver.bundle/Contents/MacOS/AppleIntelHD5000GraphicsMTLDriver
0x00000000307a5000 	/System/Library/PrivateFrameworks/FamilyControls.framework/Versions/A/FamilyControls
0x00000000307a5000 	/System/Library/PrivateFrameworks/CommerceKit.framework/Versions/A/Frameworks/CommerceCore.framework/Versions/A/CommerceCore
0x00000000307a5000 	/System/Library/PrivateFrameworks/SystemAdministration.framework/Versions/A/SystemAdministration
0x00000000307a5000 	/System/Library/PrivateFrameworks/AppContainer.framework/Versions/A/AppContainer
0x00000000307a5000 	/System/Library/PrivateFrameworks/SecCodeWrapper.framework/Versions/A/SecCodeWrapper
0x00000000307a5000 	/System/Library/Frameworks/DirectoryService.framework/Versions/A/DirectoryService
0x00000000307a5000 	/System/Library/PrivateFrameworks/DiskImages.framework/Versions/A/DiskImages
0x00000000307a5000 	/System/Library/PrivateFrameworks/LoginUIKit.framework/Versions/A/Frameworks/LoginUICore.framework/Versions/A/LoginUICore
0x00000000307a5000 	/usr/lib/libCoreStorage.dylib
0x00000000307a5000 	/usr/lib/libcsfde.dylib
0x00000000307a5000 	/usr/lib/libodfde.dylib
0x00000000307a5000 	/System/Library/Frameworks/DiscRecording.framework/Versions/A/DiscRecording
0x00000000307a5000 	/usr/lib/libcurl.4.dylib
0x00000000307a5000 	/System/Library/PrivateFrameworks/MediaKit.framework/Versions/A/MediaKit
0x00000000307a5000 	/System/Library/PrivateFrameworks/ProtectedCloudStorage.framework/Versions/A/ProtectedCloudStorage
0x00000000307a5000 	/System/Library/PrivateFrameworks/EFILogin.framework/Versions/A/EFILogin
0x00000000307a5000 	/usr/lib/libutil.dylib
0x00000000307a5000 	/System/Library/Frameworks/LDAP.framework/Versions/A/LDAP
0x00000000307a5000 	/usr/lib/libsasl2.2.dylib
0x00000000307a5000 	/System/Library/PrivateFrameworks/CoreDaemon.framework/Versions/B/CoreDaemon
0x00000000307a5000 	/System/Library/PrivateFrameworks/AppleSRP.framework/Versions/A/AppleSRP
0x00000000307a5000 	/System/Library/PrivateFrameworks/APFS.framework/Versions/A/APFS
0x000000010fd6b000 	/Library/Java/JavaVirtualMachines/jdk1.8.0_45.jdk/Contents/Home/jre/lib/libfontmanager.dylib
0x00000000307a5000 	/System/Library/PrivateFrameworks/ViewBridge.framework/Versions/A/ViewBridge
0x00000000307a5000 	/System/Library/PrivateFrameworks/XPCService.framework/Versions/A/XPCService
0x00000000307a5000 	/System/Library/PrivateFrameworks/AppSandbox.framework/Versions/A/AppSandbox
0x00000000307a5000 	/usr/lib/libsandbox.1.dylib
0x00000000307a5000 	/usr/lib/libMatch.1.dylib
0x000000010fe75000 	/Library/Java/JavaVirtualMachines/jdk1.8.0_45.jdk/Contents/Home/jre/lib/libosxui.dylib
0x0000000110216000 	/Library/Java/JavaVirtualMachines/jdk1.8.0_45.jdk/Contents/Home/jre/lib/libosx.dylib
0x0000000122956000 	/Users/maram/Desktop/helios-master/libopenal.dylib
0x0000000125c6b000 	/Users/maram/Desktop/helios-master/liblwjgl.dylib
0x000000010f91a000 	/Library/Java/JavaVirtualMachines/jdk1.8.0_45.jdk/Contents/Home/jre/lib/libjawt.dylib
0x00000000307a5000 	/System/Library/Frameworks/OpenAL.framework/Versions/A/OpenAL
0x0000000128b96000 	/System/Library/Components/CoreAudio.component/Contents/MacOS/CoreAudio
0x000000010ffb3000 	/System/Library/Extensions/AppleHDA.kext/Contents/PlugIns/AppleHDAHALPlugIn.bundle/Contents/MacOS/AppleHDAHALPlugIn
0x0000000125989000 	/Library/Java/JavaVirtualMachines/jdk1.8.0_45.jdk/Contents/Home/jre/lib/libjpeg.dylib

VM Arguments:
jvm_args: -Dfile.encoding=UTF-8 
java_command: de.uni_hd.giscience.helios.LidarSim
java_class_path (initial): /Users/maram/Desktop/helios-master/target/classes:/Users/maram/Desktop/helios-master/lib/lemur-1.8.1.jar:/Users/maram/.m2/repository/org/codehaus/groovy/groovy-all/2.1.9/groovy-all-2.1.9.jar:/Users/maram/.m2/repository/org/slf4j/slf4j-api/1.7.21/slf4j-api-1.7.21.jar:/Users/maram/.m2/repository/com/google/guava/guava/19.0/guava-19.0.jar:/Users/maram/.m2/repository/org/apache/commons/commons-math3/3.4.1/commons-math3-3.4.1.jar:/Users/maram/.m2/repository/commons-validator/commons-validator/1.4.0/commons-validator-1.4.0.jar:/Users/maram/.m2/repository/commons-beanutils/commons-beanutils/1.8.3/commons-beanutils-1.8.3.jar:/Users/maram/.m2/repository/commons-digester/commons-digester/1.8/commons-digester-1.8.jar:/Users/maram/.m2/repository/commons-logging/commons-logging/1.1.1/commons-logging-1.1.1.jar:/Users/maram/.m2/repository/org/geotools/gt-geotiff/13.0/gt-geotiff-13.0.jar:/Users/maram/.m2/repository/org/geotools/gt-main/13.0/gt-main-13.0.jar:/Users/maram/.m2/repository/org/geotools/gt-api/13.0/gt-api-13.0.jar:/Users/maram/.m2/repository/com/vividsolutions/jts/1.13/jts-1.13.jar:/Users/maram/.m2/repository/org/jdom/jdom/1.1.3/jdom-1.1.3.jar:/Users/maram/.m2/repository/org/geotools/gt-coverage/13.0/gt-coverage-13.0.jar:/Users/maram/.m2/repository/org/jaitools/jt-zonalstats/1.3.1/jt-zonalstats-1.3.1.jar:/Users/maram/.m2/repository/org/jaitools/jt-utils/1.3.1/jt-utils-1.3.1.jar:/Users/maram/.m2/repository/javax/media/jai_imageio/1.1/jai_imageio-1.1.jar:/Users/maram/.m2/repository/it/geosolutions/imageio-ext/imageio-ext-tiff/1.1.10/imageio-ext-tiff-1.1.10.jar:/Users/maram/.m2/repository/it/geosolutions/imageio-ext/imageio-ext-utilities/1.1.10/imageio-ext-utilities-1.1.10.jar:/Users/maram/.m2/repository/javax/media/jai_codec/1.1.3/jai_codec-1.1.3.jar:/Users/maram/.m2/repository/javax/media/jai_core/1.1.3/jai_core-1.1.3.jar:/Users/maram/.m2/repository/org/geotools/gt-image/13.0/gt-image-13.0.jar:/Users/maram/.m2/repository/org/geotools/gt-refere
Launcher Type: SUN_STANDARD

Environment Variables:
PATH=/usr/bin:/bin:/usr/sbin:/sbin
SHELL=/bin/bash

Signal Handlers:
SIGSEGV: [libjvm.dylib+0x58ef95], sa_mask[0]=11111111011111110111111111111111, sa_flags=SA_ONSTACK|SA_RESTART|SA_SIGINFO
SIGBUS: [libjvm.dylib+0x58ef95], sa_mask[0]=11111111011111110111111111111111, sa_flags=SA_RESTART|SA_SIGINFO
SIGFPE: [libjvm.dylib+0x46c108], sa_mask[0]=11111111011111110111111111111111, sa_flags=SA_RESTART|SA_SIGINFO
SIGPIPE: [libjvm.dylib+0x46c108], sa_mask[0]=11111111011111110111111111111111, sa_flags=SA_RESTART|SA_SIGINFO
SIGXFSZ: [libjvm.dylib+0x46c108], sa_mask[0]=11111111011111110111111111111111, sa_flags=SA_RESTART|SA_SIGINFO
SIGILL: [libjvm.dylib+0x46c108], sa_mask[0]=11111111011111110111111111111111, sa_flags=SA_RESTART|SA_SIGINFO
SIGUSR1: SIG_DFL, sa_mask[0]=00000000000000000000000000000000, sa_flags=none
SIGUSR2: [libjvm.dylib+0x46bc26], sa_mask[0]=00100000000000000000000000000000, sa_flags=SA_RESTART|SA_SIGINFO
SIGHUP: [libjvm.dylib+0x46a1f9], sa_mask[0]=11111111011111110111111111111111, sa_flags=SA_RESTART|SA_SIGINFO
SIGINT: [libjvm.dylib+0x46a1f9], sa_mask[0]=11111111011111110111111111111111, sa_flags=SA_RESTART|SA_SIGINFO
SIGTERM: [libjvm.dylib+0x46a1f9], sa_mask[0]=11111111011111110111111111111111, sa_flags=SA_RESTART|SA_SIGINFO
SIGQUIT: [libjvm.dylib+0x46a1f9], sa_mask[0]=11111111011111110111111111111111, sa_flags=SA_RESTART|SA_SIGINFO


---------------  S Y S T E M  ---------------

OS:Bsduname:Darwin 16.5.0 Darwin Kernel Version 16.5.0: Fri Mar  3 16:52:33 PST 2017; root:xnu-3789.51.2~3/RELEASE_X86_64 x86_64
rlimit: STACK 8192k, CORE 0k, NPROC 709, NOFILE 10240, AS infinity
load average:3.88 3.26 2.90

CPU:total 4 (2 cores per cpu, 2 threads per core) family 6 model 69 stepping 1, cmov, cx8, fxsr, mmx, sse, sse2, sse3, ssse3, sse4.1, sse4.2, popcnt, avx, avx2, aes, clmul, erms, lzcnt, ht, tsc, tscinvbit, bmi1, bmi2

Memory: 4k page, physical 4194304k(285108k free)

/proc/meminfo:


vm_info: Java HotSpot(TM) 64-Bit Server VM (25.45-b02) for bsd-amd64 JRE (1.8.0_45-b14), built on Apr 10 2015 10:46:38 by "java_re" with gcc 4.2.1 (Based on Apple Inc. build 5658) (LLVM build 2336.11.00)

time: Mon May 15 17:27:34 2017
elapsed time: 151 seconds (0d 0h 2m 31s)

